ets Jun  8 2016 00:22:57

rst:0x1 (POWERON_RESET),boot:0x13 (SPI_FAST_FLASH_BOOT)
configsip: 0, SPIWP:0xee
clk_drv:0x00,q_drv:0x00,d_drv:0x00,cs0_drv:0x00,hd_drv:0x00,wp_drv:0x00
mode:DIO, clock div:2
load:0x3fff0030,len:1184
load:0x40078000,len:12928
load:0x40080400,len:3036
entry 0x400805e4
 ./ezlopi-services/ezlopi-service-gpioisr/ezlopi_service_gpioisr..c[34]:Started gpio-isr service
 ./ezlopi-core/ezlopi-core-nvs/ezlopi_core_nvs.c[60]:```nvs_open``` success
 ./ezlopi-core/ezlopi-core-nvs/ezlopi_core_nvs.c[479]:(nvs_get_u32)-ezpi_baud - NVS read success
 ./ezlopi-core/ezlopi-core-nvs/ezlopi_core_nvs.c[479]:(nvs_get_u32)-ezpi_prty - NVS read success
 ./ezlopi-core/ezlopi-core-nvs/ezlopi_core_nvs.c[479]:(nvs_get_u32)-ezpi_strt_bt - NVS read success
 ./ezlopi-core/ezlopi-core-nvs/ezlopi_core_nvs.c[479]:(nvs_get_u32)-ezpi_stp_bt - NVS read success
 ./ezlopi-core/ezlopi-core-nvs/ezlopi_core_nvs.c[479]:(nvs_get_u32)-ezpi_frm_sz - NVS read success
 ./ezlopi-core/ezlopi-core-nvs/ezlopi_core_nvs.c[479]:(nvs_get_u32)-ezpi_fl_ctrl - NVS read success
 ./ezlopi-hal/ezlopi-hal-uart/ezlopi_hal_uart.c[200]:Serial Configuration:
 ./ezlopi-hal/ezlopi-hal-uart/ezlopi_hal_uart.c[201]:  Baud Rate: 115200
 ./ezlopi-hal/ezlopi-hal-uart/ezlopi_hal_uart.c[202]:  Parity: 0
 ./ezlopi-hal/ezlopi-hal-uart/ezlopi_hal_uart.c[203]:  Start Bits: 0
 ./ezlopi-hal/ezlopi-hal-uart/ezlopi_hal_uart.c[204]:  Stop Bits: 1
 ./ezlopi-hal/ezlopi-hal-uart/ezlopi_hal_uart.c[205]:  Frame Size: 8
 ./ezlopi-hal/ezlopi-hal-uart/ezlopi_hal_uart.c[206]:  Flow Control: DISABLED
 ./ezlopi-core/ezlopi-core-factory-info/ezlopi_core_factory_info.c[69]:ezlopi_factory_info_v3_get_provisioning_status
 ./ezlopi-core/ezlopi-core-factory-info/ezlopi_core_factory_info.c[69]:ezlopi_factory_info_v3_get_ezlopi_mac
 ./ezlopi-core/ezlopi-core-factory-info/ezlopi_core_factory_info.c[69]:ezlopi_factory_info_v3_get_name
 ./ezlopi-core/ezlopi-core-factory-info/ezlopi_core_factory_info.c[69]:ezlopi_factory_info_v3_get_manufacturer
 ./ezlopi-core/ezlopi-core-factory-info/ezlopi_core_factory_info.c[69]:ezlopi_factory_info_v3_get_brand
 ./ezlopi-core/ezlopi-core-factory-info/ezlopi_core_factory_info.c[69]:ezlopi_factory_info_v3_get_model
 ./ezlopi-core/ezlopi-core-factory-info/ezlopi_core_factory_info.c[69]:ezlopi_factory_info_v3_get_device_uuid
 ./ezlopi-core/ezlopi-core-factory-info/ezlopi_core_factory_info.c[69]:ezlopi_factory_info_v3_get_provisioning_uuid
 ./ezlopi-core/ezlopi-core-factory-info/ezlopi_core_factory_info.c[69]:ezlopi_factory_info_v3_get_ssid
 ./ezlopi-core/ezlopi-core-factory-info/ezlopi_core_factory_info.c[69]:ezlopi_factory_info_v3_get_password
 ./ezlopi-core/ezlopi-core-factory-info/ezlopi_core_factory_info.c[69]:ezlopi_factory_info_v3_get_cloud_server
 ./ezlopi-core/ezlopi-core-factory-info/ezlopi_core_factory_info.c[69]:ezlopi_factory_info_v3_get_ca_certificate
 ./ezlopi-core/ezlopi-core-factory-info/ezlopi_core_factory_info.c[69]:ezlopi_factory_info_v3_get_ssl_private_key
 ./ezlopi-core/ezlopi-core-factory-info/ezlopi_core_factory_info.c[69]:ezlopi_factory_info_v3_get_ssl_shared_key
 ./ezlopi-core/ezlopi-core-factory-info/ezlopi_core_factory_info.c[69]:ezlopi_factory_info_v3_get_ezlopi_config
 ./ezlopi-core/ezlopi-core-factory-info/ezlopi_core_factory_info.c[152]:----------------- Factory Info -----------------
 ./ezlopi-core/ezlopi-core-factory-info/ezlopi_core_factory_info.c[154]:SERIAL-ID [off: 0x6008, size: 0x0008]:             102002440
 ./ezlopi-core/ezlopi-core-factory-info/ezlopi_core_factory_info.c[155]:MAC [off: 0x6080, size: 0x0040]:                   11:22:33:44:55:66
 ./ezlopi-core/ezlopi-core-factory-info/ezlopi_core_factory_info.c[156]:NAME [off: 0x60C0, size: 0x0040]:                  test-device
 ./ezlopi-core/ezlopi-core-factory-info/ezlopi_core_factory_info.c[157]:MANUFACTURER [off: 0x6100, size: 0x0040]:          Nepal Digital System
 ./ezlopi-core/ezlopi-core-factory-info/ezlopi_core_factory_info.c[158]:BRAND [off: 0x6140, size: 0x0040]:                 Ezlo-Pi
 ./ezlopi-core/ezlopi-core-factory-info/ezlopi_core_factory_info.c[159]:MODEL [off: 0x6180, size: 0x0040]:                 NT-3.0.4.x
 ./ezlopi-core/ezlopi-core-factory-info/ezlopi_core_factory_info.c[160]:DEVICE_UUID [off: 0x0082, size: 0x007E]:           ddc51a50-8392-11ee-8889-0f56091e7639
 ./ezlopi-core/ezlopi-core-factory-info/ezlopi_core_factory_info.c[161]:PROVISIONING_UUID [off: 0x0004, size: 0x007E]:     c2ea484b-6b31-446e-b42e-8ab7b5c36ce4
 ./ezlopi-core/ezlopi-core-factory-info/ezlopi_core_factory_info.c[162]:WIFI-SSID [off: 0x6020, size: 0x0020]:             nepaldigisys
 ./ezlopi-core/ezlopi-core-factory-info/ezlopi_core_factory_info.c[163]:WIFI-PASSWORD [off: 0x6040, size: 0x0040]:         NDS_0ffice
 ./ezlopi-core/ezlopi-core-factory-info/ezlopi_core_factory_info.c[164]:CLOUD_SERVER [off: 0x0400, size: 0x0100]:          https://cloud.ezlo.com:7000
 ./ezlopi-core/ezlopi-core-factory-info/ezlopi_core_factory_info.c[165]:DEVICE_TYPE [off: 0x61C0, size: 0x0040]:           ezlopi_generic
 ./ezlopi-core/ezlopi-core-factory-info/ezlopi_core_factory_info.c[169]:EZLOPI_CONFIG [off: 0x1000, size: 0x1000]:         {"config_id": "__ID__", "coinfig_time": 12345678, "user_id": "krishna", "dev_detail": [{"dev_type": 7, "dev_name": "DHT 22", "id_room": "", "id_item": 16, "gpio": 18}, {"dev_type": 1, "dev_name": "Office test", "id_room": "", "id_item": 2, "val_ip": true, "val_op": false, "gpio_in": 21, "gpio_out": 2, "is_ip": false, "ip_inv": true, "pullup_ip": true, "pullup_op": true, "op_inv": false}], "dev_total": 2}
 ./ezlopi-core/ezlopi-core-factory-info/ezlopi_core_factory_info.c[170]:-------------------------------------------------
 ./ezlopi-core/ezlopi-core-factory-info/ezlopi_core_factory_info.c[69]:ezlopi_factory_info_v3_get_ezlopi_config
 ./ezlopi-core/ezlopi-core-devices/ezlopi_core_devices.c[375]:Initial config:
{"config_id": "__ID__", "coinfig_time": 12345678, "user_id": "krishna", "dev_detail": [{"dev_type": 7, "dev_name": "DHT 22", "id_room": "", "id_item": 16, "gpio": 18}, {"dev_type": 1, "dev_name": "Office test", "id_room": "", "id_item": 2, "val_ip": true, "val_op": false, "gpio_in": 21, "gpio_out": 2, "is_ip": false, "ip_inv": true, "pullup_ip": true, "pullup_op": true, "op_inv": false}], "dev_total": 2}
 ./ezlopi-core/ezlopi-core-devices/ezlopi_core_devices.c[564]:---------------------------------------------
 ./ezlopi-core/ezlopi-core-devices/ezlopi_core_devices.c[567]:Device-0:
 ./ezlopi-core/ezlopi-core-devices/ezlopi_core_devices.c[136]:Device name: DHT 22", "id_room": "", "id_item": 16, "gpio": 18}, {"dev_type": 1, "dev_name": "Office test", "id_room": "", "id_item": 2, "val_ip": true, "val_op": false, "gpio_in": 21, "gpio_out": 2, "is_ip": false, "ip_inv": true, "pullup_ip": true, "pullup_op": true, "op_inv": false}], "dev_total": 2}
 ./ezlopi-core/ezlopi-core-devices/ezlopi_core_devices.c[137]:Device Id (before): 00000000
 ./ezlopi-core/ezlopi-core-devices/ezlopi_core_devices.c[163]:Device Id (after): 10a64000
 ./ezlopi-sensors-devices/sensor-0016-oneWire-DHT22/sensor_0016_oneWire_DHT22.c[169]:Parent_dht22_temp_device-[0x10a64000] 
 ./ezlopi-core/ezlopi-core-devices/ezlopi_core_devices.c[136]:Device name: DHT 22", "id_room": "", "id_item": 16, "gpio": 18}, {"dev_type": 1, "dev_name": "Office test", "id_room": "", "id_item": 2, "val_ip": true, "val_op": false, "gpio_in": 21, "gpio_out": 2, "is_ip": false, "ip_inv": true, "pullup_ip": true, "pullup_op": true, "op_inv": false}], "dev_total": 2}
 ./ezlopi-core/ezlopi-core-devices/ezlopi_core_devices.c[137]:Device Id (before): 10a64000
 ./ezlopi-core/ezlopi-core-devices/ezlopi_core_devices.c[163]:Device Id (after): 10a64001
 ./ezlopi-sensors-devices/sensor-0016-oneWire-DHT22/sensor_0016_oneWire_DHT22.c[181]:Child_dht22_humi_device-[0x10a64001] 
 ./ezlopi-core/ezlopi-core-devices/ezlopi_core_devices.c[591]:---------------------------------------------
 ./ezlopi-core/ezlopi-core-devices/ezlopi_core_devices.c[567]:Device-1:
 ./ezlopi-core/ezlopi-core-devices/ezlopi_core_devices.c[136]:Device name: Office test", "id_room": "", "id_item": 2, "val_ip": true, "val_op": false, "gpio_in": 21, "gpio_out": 2, "is_ip": false, "ip_inv": true, "pullup_ip": true, "pullup_op": true, "op_inv": false}], "dev_total": 2}
 ./ezlopi-core/ezlopi-core-devices/ezlopi_core_devices.c[137]:Device Id (before): 00000000
 ./ezlopi-core/ezlopi-core-devices/ezlopi_core_devices.c[163]:Device Id (after): 10a64002
 ./ezlopi-core/ezlopi-core-devices/ezlopi_core_devices.c[591]:---------------------------------------------
 ./ezlopi-core/ezlopi-core-ezlopi/ezlopi_core_ezlopi.c[121]:Device_id_curr_device : [0x10a64000] 
 ./ezlopi-core/ezlopi-core-ezlopi/ezlopi_core_ezlopi.c[121]:Device_id_curr_device : [0x10a64001] 
 ./ezlopi-core/ezlopi-core-ezlopi/ezlopi_core_ezlopi.c[121]:Device_id_curr_device : [0x10a64002] 
 ./ezlopi-core/ezlopi-core-nvs/ezlopi_core_nvs.c[681]:ezlopi_room: buf_len_needed: 0, err: ESP_ERR_NVS_NOT_FOUND
 ./ezlopi-core/ezlopi-core-nvs/ezlopi_core_nvs.c[337]:Boot count: 107
 ./ezlopi-core/ezlopi-core-nvs/ezlopi_core_nvs.c[338]:Error nvs_get_blob: ESP_OK
 ./ezlopi-core/ezlopi-core-factory-info/ezlopi_core_factory_info.c[69]:ezlopi_factory_info_v3_get_ssid
 ./ezlopi-core/ezlopi-core-factory-info/ezlopi_core_factory_info.c[69]:ezlopi_factory_info_v3_get_password
 ./ezlopi-core/ezlopi-core-wifi/ezlopi_core_wifi.c[289]:SSID: nepaldigisys, Password: NDS_0ffice,

 ./ezlopi-core/ezlopi-core-factory-info/ezlopi_core_factory_info.c[69]:ezlopi_factory_info_v3_get_provisioning_status
 ./ezlop…-core/ezlopi-core-wifi/ezlopi_core_wiŒi.c[325]:WiFi Err : ESP_OK
 ./ezlopi-core/ezlopi-core-wifi/ezlopi_core_wifi.c[276Ω:wifi_error: 0
 ./ezlopi-core/ezlopi-core-nvs/ezlopi_core_nvs.c[327]znvs_set_u3r - error: ESP_OK
 ./ezlopi-core/ezlopi-core-sntp/ezlopi_core_sntp.c[43]:Initializing SNTP
 ./ezlopi-core/ezlopi-core-sntp/ezlopi_core_sntp.c[57]:Waiting for system time to be set... (1/10)
 ./ezlopi-core/ezlopi-core-wifi/ezlopi_core_wifi.c[213]:un-known wifi-event received: 4
 ./ezlopi-core/ezlopi-core-ping/ezlopi_core_ping.c[107]:From 1.1.1.1 icmp_seq=1 timeout

 ./ezlopi-core/ezlopi-core-wifi/ezlopi_core_wifi.c[513]:got - ip:      192.168.1.238
 ./ezlopi-core/ezlopi-core-wifi/ezlopi_core_wifi.c[514]:      netmask: 255.255.255.0
 ./ezlopi-core/ezlopi-core-wifi/ezlopi_core_wifi.c[515]:      gw:      192.168.1.254
ets Jun  8 2016 00:22:57

rst:0x8 (TG1WDT_SYS_RESET),boot:0x13 (SPI_FAST_FLASH_BOOT)
configsip: 0, SPIWP:0xee
clk_drv:0x00,q_drv:0x00,d_drv:0x00,cs0_drv:0x00,hd_drv:0x00,wp_drv:0x00
mode:DIO, clock div:2
load:0x3fff0030,len:1184
load:0x40078000,len:12928
load:0x40080400,len:3036
entry 0x400805e4
ets Jun  8 2016 00:22:57

rst:0x10 (RTCWDT_RTC_RESET),boot:0x13 (SPI_FAST_FLASH_BOOT)
configsip: 0, SPIWP:0xee
clk_drv:0x00,q_drv:0x00,d_drv:0x00,cs0_drv:0x00,hd_drv:0x00,wp_drv:0x00
mode:DIO, clock div:2
load:0x3fff0030,len:1184
load:0x40078000,len:12928
load:0x40080400,len:3036
entry 0x400805e4
 ./ezlopi-services/ezlopi-service-gpioisr/ezlopi_service_gpioisr..c[34]:Started gpio-isr service
 ./ezlopi-core/ezlopi-core-nvs/ezlopi_core_nvs.c[60]:```nvs_open``` success
 ./ezlopi-core/ezlopi-core-nvs/ezlopi_core_nvs.c[479]:(nvs_get_u32)-ezpi_baud - NVS read success
 ./ezlopi-core/ezlopi-core-nvs/ezlopi_core_nvs.c[479]:(nvs_get_u32)-ezpi_prty - NVS read success
 ./ezlopi-core/ezlopi-core-nvs/ezlopi_core_nvs.c[479]:(nvs_get_u32)-ezpi_strt_bt - NVS read success
 ./ezlopi-core/ezlopi-core-nvs/ezlopi_core_nvs.c[479]:(nvs_get_u32)-ezpi_stp_bt - NVS read success
 ./ezlopi-core/ezlopi-core-nvs/ezlopi_core_nvs.c[479]:(nvs_get_u32)-ezpi_frm_sz - NVS read success
 ./ezlopi-core/ezlopi-core-nvs/ezlopi_core_nvs.c[479]:(nvs_get_u32)-ezpi_fl_ctrl - NVS read success
 ./ezlopi-hal/ezlopi-hal-uart/ezlopi_hal_uart.c[200]:Serial Configuration:
 ./ezlopi-hal/ezlopi-hal-uart/ezlopi_hal_uart.c[201]:  Baud Rate: 115200
 ./ezlopi-hal/ezlopi-hal-uart/ezlopi_hal_uart.c[202]:  Parity: 0
 ./ezlopi-hal/ezlopi-hal-uart/ezlopi_hal_uart.c[203]:  Start Bits: 0
 ./ezlopi-hal/ezlopi-hal-uart/ezlopi_hal_uart.c[204]:  Stop Bits: 1
 ./ezlopi-hal/ezlopi-hal-uart/ezlopi_hal_uart.c[205]:  Frame Size: 8
 ./ezlopi-hal/ezlopi-hal-uart/ezlopi_hal_uart.c[206]:  Flow Control: DISABLED
 ./ezlopi-core/ezlopi-core-factory-info/ezlopi_core_factory_info.c[69]:ezlopi_factory_info_v3_get_provisioning_status
 ./ezlopi-core/ezlopi-core-factory-info/ezlopi_core_factory_info.c[69]:ezlopi_factory_info_v3_get_ezlopi_mac
 ./ezlopi-core/ezlopi-core-factory-info/ezlopi_core_factory_info.c[69]:ezlopi_factory_info_v3_get_name
 ./ezlopi-core/ezlopi-core-factory-info/ezlopi_core_factory_info.c[69]:ezlopi_factory_info_v3_get_manufacturer
 ./ezlopi-core/ezlopi-core-factory-info/ezlopi_core_factory_info.c[69]:ezlopi_factory_info_v3_get_brand
 ./ezlopi-core/ezlopi-core-factory-info/ezlopi_core_factory_info.c[69]:ezlopi_factory_info_v3_get_model
 ./ezlopi-core/ezlopi-core-factory-info/ezlopi_core_factory_info.c[69]:ezlopi_factory_info_v3_get_device_uuid
 ./ezlopi-core/ezlopi-core-factory-info/ezlopi_core_factory_info.c[69]:ezlopi_factory_info_v3_get_provisioning_uuid
 ./ezlopi-core/ezlopi-core-factory-info/ezlopi_core_factory_info.c[69]:ezlopi_factory_info_v3_get_ssid
 ./ezlopi-core/ezlopi-core-factory-info/ezlopi_core_factory_info.c[69]:ezlopi_factory_info_v3_get_password
 ./ezlopi-core/ezlopi-core-factory-info/ezlopi_core_factory_info.c[69]:ezlopi_factory_info_v3_get_cloud_server
 ./ezlopi-core/ezlopi-core-factory-info/ezlopi_core_factory_info.c[69]:ezlopi_factory_info_v3_get_ca_certificate
 ./ezlopi-core/ezlopi-core-factory-info/ezlopi_core_factory_info.c[69]:ezlopi_factory_info_v3_get_ssl_private_key
 ./ezlopi-core/ezlopi-core-factory-info/ezlopi_core_factory_info.c[69]:ezlopi_factory_info_v3_get_ssl_shared_key
 ./ezlopi-core/ezlopi-core-factory-info/ezlopi_core_factory_info.c[69]:ezlopi_factory_info_v3_get_ezlopi_config
 ./ezlopi-core/ezlopi-core-factory-info/ezlopi_core_factory_info.c[152]:----------------- Factory Info -----------------
 ./ezlopi-core/ezlopi-core-factory-info/ezlopi_core_factory_info.c[154]:SERIAL-ID [off: 0x6008, size: 0x0008]:             102002440
 ./ezlopi-core/ezlopi-core-factory-info/ezlopi_core_factory_info.c[155]:MAC [off: 0x6080, size: 0x0040]:                   11:22:33:44:55:66
 ./ezlopi-core/ezlopi-core-factory-info/ezlopi_core_factory_info.c[156]:NAME [off: 0x60C0, size: 0x0040]:                  test-device
 ./ezlopi-core/ezlopi-core-factory-info/ezlopi_core_factory_info.c[157]:MANUFACTURER [off: 0x6100, size: 0x0040]:          Nepal Digital System
 ./ezlopi-core/ezlopi-core-factory-info/ezlopi_core_factory_info.c[158]:BRAND [off: 0x6140, size: 0x0040]:                 Ezlo-Pi
 ./ezlopi-core/ezlopi-core-factory-info/ezlopi_core_factory_info.c[159]:MODEL [off: 0x6180, size: 0x0040]:                 NT-3.0.4.x
 ./ezlopi-core/ezlopi-core-factory-info/ezlopi_core_factory_info.c[160]:DEVICE_UUID [off: 0x0082, size: 0x007E]:           ddc51a50-8392-11ee-8889-0f56091e7639
 ./ezlopi-core/ezlopi-core-factory-info/ezlopi_core_factory_info.c[161]:PROVISIONING_UUID [off: 0x0004, size: 0x007E]:     c2ea484b-6b31-446e-b42e-8ab7b5c36ce4
 ./ezlopi-core/ezlopi-core-factory-info/ezlopi_core_factory_info.c[162]:WIFI-SSID [off: 0x6020, size: 0x0020]:             nepaldigisys
 ./ezlopi-core/ezlopi-core-factory-info/ezlopi_core_factory_info.c[163]:WIFI-PASSWORD [off: 0x6040, size: 0x0040]:         NDS_0ffice
 ./ezlopi-core/ezlopi-core-factory-info/ezlopi_core_factory_info.c[164]:CLOUD_SERVER [off: 0x0400, size: 0x0100]:          https://cloud.ezlo.com:7000
 ./ezlopi-core/ezlopi-core-factory-info/ezlopi_core_factory_info.c[165]:DEVICE_TYPE [off: 0x61C0, size: 0x0040]:           ezlopi_generic
 ./ezlopi-core/ezlopi-core-factory-info/ezlopi_core_factory_info.c[169]:EZLOPI_CONFIG [off: 0x1000, size: 0x1000]:         {"config_id": "__ID__", "coinfig_time": 12345678, "user_id": "krishna", "dev_detail": [{"dev_type": 7, "dev_name": "DHT 22", "id_room": "", "id_item": 16, "gpio": 18}, {"dev_type": 1, "dev_name": "Office test", "id_room": "", "id_item": 2, "val_ip": true, "val_op": false, "gpio_in": 21, "gpio_out": 2, "is_ip": false, "ip_inv": true, "pullup_ip": true, "pullup_op": true, "op_inv": false}], "dev_total": 2}
 ./ezlopi-core/ezlopi-core-factory-info/ezlopi_core_factory_info.c[170]:-------------------------------------------------
 ./ezlopi-core/ezlopi-core-factory-info/ezlopi_core_factory_info.c[69]:ezlopi_factory_info_v3_get_ezlopi_config
 ./ezlopi-core/ezlopi-core-devices/ezlopi_core_devices.c[375]:Initial config:
{"config_id": "__ID__", "coinfig_time": 12345678, "user_id": "krishna", "dev_detail": [{"dev_type": 7, "dev_name": "DHT 22", "id_room": "", "id_item": 16, "gpio": 18}, {"dev_type": 1, "dev_name": "Office test", "id_room": "", "id_item": 2, "val_ip": true, "val_op": false, "gpio_in": 21, "gpio_out": 2, "is_ip": false, "ip_inv": true, "pullup_ip": true, "pullup_op": true, "op_inv": false}], "dev_total": 2}
 ./ezlopi-core/ezlopi-core-devices/ezlopi_core_devices.c[564]:---------------------------------------------
 ./ezlopi-core/ezlopi-core-devices/ezlopi_core_devices.c[567]:Device-0:
 ./ezlopi-core/ezlopi-core-devices/ezlopi_core_devices.c[136]:Device name: DHT 22", "id_room": "", "id_item": 16, "gpio": 18}, {"dev_type": 1, "dev_name": "Office test", "id_room": "", "id_item": 2, "val_ip": true, "val_op": false, "gpio_in": 21, "gpio_out": 2, "is_ip": false, "ip_inv": true, "pullup_ip": true, "pullup_op": true, "op_inv": false}], "dev_total": 2}
 ./ezlopi-core/ezlopi-core-devices/ezlopi_core_devices.c[137]:Device Id (before): 00000000
 ./ezlopi-core/ezlopi-core-devices/ezlopi_core_devices.c[163]:Device Id (after): 10a64000
 ./ezlopi-sensors-devices/sensor-0016-oneWire-DHT22/sensor_0016_oneWire_DHT22.c[169]:Parent_dht22_temp_device-[0x10a64000] 
 ./ezlopi-core/ezlopi-core-devices/ezlopi_core_devices.c[136]:Device name: DHT 22", "id_room": "", "id_item": 16, "gpio": 18}, {"dev_type": 1, "dev_name": "Office test", "id_room": "", "id_item": 2, "val_ip": true, "val_op": false, "gpio_in": 21, "gpio_out": 2, "is_ip": false, "ip_inv": true, "pullup_ip": true, "pullup_op": true, "op_inv": false}], "dev_total": 2}
 ./ezlopi-core/ezlopi-core-devices/ezlopi_core_devices.c[137]:Device Id (before): 10a64000
 ./ezlopi-core/ezlopi-core-devices/ezlopi_core_devices.c[163]:Device Id (after): 10a64001
 ./ezlopi-sensors-devices/sensor-0016-oneWire-DHT22/sensor_0016_oneWire_DHT22.c[181]:Child_dht22_humi_device-[0x10a64001] 
 ./ezlopi-core/ezlopi-core-devices/ezlopi_core_devices.c[591]:---------------------------------------------
 ./ezlopi-core/ezlopi-core-devices/ezlopi_core_devices.c[567]:Device-1:
 ./ezlopi-core/ezlopi-core-devices/ezlopi_core_devices.c[136]:Device name: Office test", "id_room": "", "id_item": 2, "val_ip": true, "val_op": false, "gpio_in": 21, "gpio_out": 2, "is_ip": false, "ip_inv": true, "pullup_ip": true, "pullup_op": true, "op_inv": false}], "dev_total": 2}
 ./ezlopi-core/ezlopi-core-devices/ezlopi_core_devices.c[137]:Device Id (before): 00000000
 ./ezlopi-core/ezlopi-core-devices/ezlopi_core_devices.c[163]:Device Id (after): 10a64002
 ./ezlopi-core/ezlopi-core-devices/ezlopi_core_devices.c[591]:---------------------------------------------
 ./ezlopi-core/ezlopi-core-ezlopi/ezlopi_core_ezlopi.c[121]:Device_id_curr_device : [0x10a64000] 
 ./ezlopi-core/ezlopi-core-ezlopi/ezlopi_core_ezlopi.c[121]:Device_id_curr_device : [0x10a64001] 
 ./ezlopi-core/ezlopi-core-ezlopi/ezlopi_core_ezlopi.c[121]:Device_id_curr_device : [0x10a64002] 
 ./ezlopi-core/ezlopi-core-nvs/ezlopi_core_nvs.c[681]:ezlopi_room: buf_len_needed: 0, err: ESP_ERR_NVS_NOT_FOUND
 ./ezlopi-core/ezlopi-core-nvs/ezlopi_core_nvs.c[337]:Boot count: 108
 ./ezlopi-core/ezlopi-core-nvs/ezlopi_core_nvs.c[338]:Error nvs_get_blob: ESP_OK
 ./ezlopi-core/ezlopi-core-factory-info/ezlopi_core_factory_info.c[69]:ezlopi_factory_info_v3_get_ssid
 ./ezlopi-core/ezlopi-core-factory-info/ezlopi_core_factory_info.c[69]:ezlopi_factory_info_v3_get_password
 ./ezlopi-core/ezlopi-core-wifi/ezlopi_core_wifi.c[289]:SSID: nepaldigisys, Password: NDS_0ffice,

 ./ezlopi-core/ezlopi-core-factory-info/ezlopi_core_factory_info.c[69]:ezlopi_factory_info_v3_get_provisioning_status
 ./ezlopi-co‰e/ezlopi-core-wifi/ezlopi_core_wifi.c[325]:WiFi Err : ESP_OK
 ./ezlopi-core/ezlopi-core-wifi/ezlopi_core_wifi.c[276]:wifi_error: 0
 ./ezlopi-core/ezlopi-core-nvs/ezlopi_core_nvs.c[327]:nvs_set_u32 - error: ESP_OK
 ./ezlopi-core/ezlopi-core-sntp/ezlopi_core_sntp.c[43]:Initializing SNTP
 ./ezlopi-core/ezlopi-core-sntp/ezlopi_core_sntp.c[57]:Waiting for system time to be set... (1/10)
 ./ezlopi-core/ezlopi-core-wifi/ezlopi_core_wifi.c[213]:un-known wifi-event received: 4
 ./ezlopi-core/ezlopi-core-ping/ezlopi_core_ping.c[107]:From 1.1.1.1 icmp_seq=1 timeout

 ./ez‹opi-core/ezlopi-core-wifi/ezlopi_core_wifi.c[513]:got - ip:      192.168.1.238
 ./ezlopi-core/ezlopi-core-wifi/ezlopi_core_wifi.c[514]:      netmask: 255.255.255.0
 ./ezlopi-core/ezlopi-core-wifi/ezlopi_core_wifi.c[515]:      gw:      192.168.1.254
 ./ezlopi-core/ezlopi-core-sntp/ezlopi_core_sntp.c[57]:Waiting for system time to be set... (2/10)
 ./ezlopi-core/ezlopi-core-sntp/ezlopi_core_sntp.c[57]:Waiting for system time to be set... (3/10)
 ./ezlopi-core/ezlopi-core-sntp/ezlopi_core_sntp.c[57]:Waiting for system time to be set... (4/10)
ets Jun  8 2016 00:22:57

rst:0x8 (TG1WDT_SYS_RESET),boot:0x13 (SPI_FAST_FLASH_BOOT)
configsip: 0, SPIWP:0xee
clk_drv:0x00,q_drv:0x00,d_drv:0x00,cs0_drv:0x00,hd_drv:0x00,wp_drv:0x00
mode:DIO, clock div:2
load:0x3fff0030,len:1184
load:0x40078000,len:12928
load:0x40080400,len:3036
entry 0x400805e4
fbc2c0  
A6      : 0x00000003  A7      : 0x00060023  A8      : 0x3ffd8a86  A9      : 0x00000018  
A10     : 0x00000001  A11     : 0x3ffd8a8e  A12     : 0x3ffc9260  A13     : 0x00000004  
A14     : 0x3ffc3c38  A15     : 0x00000000  SAR     : 0x0000001c  EXCCAUSE: 0x0000001d  
EXCVADDR: 0xa5a5a5b1  LBEG    : 0x400014fd  LEND    : 0x4000150d  LCOUNT  : 0xfffffff7  


Backtrace: 0x40099643:0x3ffbbb70 0x40099f86:0x3ffbbb90 0x40082402:0x3ffbbbb0 0x4009a395:0x3ffbbbd0 0x4014edd7:0x3ffbbbf0 0x4014ed97:0x3ffbbc10 0x400dec40:0x3ffbbc30 0x400d9d0b:0x3ffbbc50 0x400d9716:0x3ffbbc70 0x4020e864:0x3ffbbcb0 0x400978aa:0x3ffbbcd0




ELF file SHA256: cd4630168f9f5b85

Rebooting...
ets Jun  8 2016 00:22:57

rst:0xc (SW_CPU_RESET),boot:0x13 (SPI_FAST_FLASH_BOOT)
configsip: 0, SPIWP:0xee
clk_drv:0x00,q_drv:0x00,d_drv:0x00,cs0_drv:0x00,hd_drv:0x00,wp_drv:0x00
mode:DIO, clock div:2
load:0x3fff0030,len:1184
load:0x40078000,len:12928
load:0x40080400,len:3036
entry 0x400805e4
 ./ezlopi-services/ezlopi-service-gpioisr/ezlopi_service_gpioisr..c[34]:Started gpio-isr service
 ./ezlopi-core/ezlopi-core-nvs/ezlopi_core_nvs.c[60]:```nvs_open``` success
 ./ezlopi-core/ezlopi-core-nvs/ezlopi_core_nvs.c[479]:(nvs_get_u32)-ezpi_baud - NVS read success
 ./ezlopi-core/ezlopi-core-nvs/ezlopi_core_nvs.c[479]:(nvs_get_u32)-ezpi_prty - NVS read success
 ./ezlopi-core/ezlopi-core-nvs/ezlopi_core_nvs.c[479]:(nvs_get_u32)-ezpi_strt_bt - NVS read success
 ./ezlopi-core/ezlopi-core-nvs/ezlopi_core_nvs.c[479]:(nvs_get_u32)-ezpi_stp_bt - NVS read success
 ./ezlopi-core/ezlopi-core-nvs/ezlopi_core_nvs.c[479]:(nvs_get_u32)-ezpi_frm_sz - NVS read success
 ./ezlopi-core/ezlopi-core-nvs/ezlopi_core_nvs.c[479]:(nvs_get_u32)-ezpi_fl_ctrl - NVS read success
 ./ezlopi-hal/ezlopi-hal-uart/ezlopi_hal_uart.c[200]:Serial Configuration:
 ./ezlopi-hal/ezlopi-hal-uart/ezlopi_hal_uart.c[201]:  Baud Rate: 115200
 ./ezlopi-hal/ezlopi-hal-uart/ezlopi_hal_uart.c[202]:  Parity: 0
 ./ezlopi-hal/ezlopi-hal-uart/ezlopi_hal_uart.c[203]:  Start Bits: 0
 ./ezlopi-hal/ezlopi-hal-uart/ezlopi_hal_uart.c[204]:  Stop Bits: 1
 ./ezlopi-hal/ezlopi-hal-uart/ezlopi_hal_uart.c[205]:  Frame Size: 8
 ./ezlopi-hal/ezlopi-hal-uart/ezlopi_hal_uart.c[206]:  Flow Control: DISABLED
 ./ezlopi-core/ezlopi-core-factory-info/ezlopi_core_factory_info.c[75]:ezlopi_factory_info_v3_get_provisioning_status
 ./ezlopi-core/ezlopi-core-factory-info/ezlopi_core_factory_info.c[75]:ezlopi_factory_info_v3_get_ezlopi_mac
 ./ezlopi-core/ezlopi-core-factory-info/ezlopi_core_factory_info.c[75]:ezlopi_factory_info_v3_get_name
 ./ezlopi-core/ezlopi-core-factory-info/ezlopi_core_factory_info.c[75]:ezlopi_factory_info_v3_get_manufacturer
 ./ezlopi-core/ezlopi-core-factory-info/ezlopi_core_factory_info.c[75]:ezlopi_factory_info_v3_get_brand
 ./ezlopi-core/ezlopi-core-factory-info/ezlopi_core_factory_info.c[75]:ezlopi_factory_info_v3_get_model
 ./ezlopi-core/ezlopi-core-factory-info/ezlopi_core_factory_info.c[75]:ezlopi_factory_info_v3_get_device_uuid
 ./ezlopi-core/ezlopi-core-factory-info/ezlopi_core_factory_info.c[75]:ezlopi_factory_info_v3_get_provisioning_uuid
 ./ezlopi-core/ezlopi-core-factory-info/ezlopi_core_factory_info.c[75]:ezlopi_factory_info_v3_get_ssid
 ./ezlopi-core/ezlopi-core-factory-info/ezlopi_core_factory_info.c[75]:ezlopi_factory_info_v3_get_password
 ./ezlopi-core/ezlopi-core-factory-info/ezlopi_core_factory_info.c[75]:ezlopi_factory_info_v3_get_cloud_server
 ./ezlopi-core/ezlopi-core-factory-info/ezlopi_core_factory_info.c[75]:ezlopi_factory_info_v3_get_ezlopi_config
 ./ezlopi-core/ezlopi-core-factory-info/ezlopi_core_factory_info.c[158]:----------------- Factory Info -----------------
 ./ezlopi-core/ezlopi-core-factory-info/ezlopi_core_factory_info.c[160]:SERIAL-ID [off: 0x6008, size: 0x0008]:             102002440
 ./ezlopi-core/ezlopi-core-factory-info/ezlopi_core_factory_info.c[161]:MAC [off: 0x6080, size: 0x0040]:                   11:22:33:44:55:66
 ./ezlopi-core/ezlopi-core-factory-info/ezlopi_core_factory_info.c[162]:NAME [off: 0x60C0, size: 0x0040]:                  test-device
 ./ezlopi-core/ezlopi-core-factory-info/ezlopi_core_factory_info.c[163]:MANUFACTURER [off: 0x6100, size: 0x0040]:          Nepal Digital System
 ./ezlopi-core/ezlopi-core-factory-info/ezlopi_core_factory_info.c[164]:BRAND [off: 0x6140, size: 0x0040]:                 Ezlo-Pi
 ./ezlopi-core/ezlopi-core-factory-info/ezlopi_core_factory_info.c[165]:MODEL [off: 0x6180, size: 0x0040]:                 NT-3.0.4.x
 ./ezlopi-core/ezlopi-core-factory-info/ezlopi_core_factory_info.c[166]:DEVICE_UUID [off: 0x0082, size: 0x007E]:           ddc51a50-8392-11ee-8889-0f56091e7639
 ./ezlopi-core/ezlopi-core-factory-info/ezlopi_core_factory_info.c[167]:PROVISIONING_UUID [off: 0x0004, size: 0x007E]:     c2ea484b-6b31-446e-b42e-8ab7b5c36ce4
 ./ezlopi-core/ezlopi-core-factory-info/ezlopi_core_factory_info.c[168]:WIFI-SSID [off: 0x6020, size: 0x0020]:             nepaldigisys
 ./ezlopi-core/ezlopi-core-factory-info/ezlopi_core_factory_info.c[169]:WIFI-PASSWORD [off: 0x6040, size: 0x0040]:         NDS_0ffice
 ./ezlopi-core/ezlopi-core-factory-info/ezlopi_core_factory_info.c[170]:CLOUD_SERVER [off: 0x0400, size: 0x0100]:          https://cloud.ezlo.com:7000
 ./ezlopi-core/ezlopi-core-factory-info/ezlopi_core_factory_info.c[171]:DEVICE_TYPE [off: 0x61C0, size: 0x0040]:           ezlopi_generic
 ./ezlopi-core/ezlopi-core-factory-info/ezlopi_core_factory_info.c[175]:EZLOPI_CONFIG [off: 0x1000, size: 0x1000]:         {"config_id": "__ID__", "coinfig_time": 12345678, "user_id": "krishna", "dev_detail": [{"dev_type": 7, "dev_name": "DHT 22", "id_room": "", "id_item": 16, "gpio": 18}, {"dev_type": 1, "dev_name": "Office test", "id_room": "", "id_item": 2, "val_ip": true, "val_op": false, "gpio_in": 21, "gpio_out": 2, "is_ip": false, "ip_inv": true, "pullup_ip": true, "pullup_op": true, "op_inv": false}], "dev_total": 2}
 ./ezlopi-core/ezlopi-core-factory-info/ezlopi_core_factory_info.c[176]:-------------------------------------------------
 ./ezlopi-core/ezlopi-core-factory-info/ezlopi_core_factory_info.c[75]:ezlopi_factory_info_v3_get_ezlopi_config
 ./ezlopi-core/ezlopi-core-devices/ezlopi_core_devices.c[375]:Initial config:
{"config_id": "__ID__", "coinfig_time": 12345678, "user_id": "krishna", "dev_detail": [{"dev_type": 7, "dev_name": "DHT 22", "id_room": "", "id_item": 16, "gpio": 18}, {"dev_type": 1, "dev_name": "Office test", "id_room": "", "id_item": 2, "val_ip": true, "val_op": false, "gpio_in": 21, "gpio_out": 2, "is_ip": false, "ip_inv": true, "pullup_ip": true, "pullup_op": true, "op_inv": false}], "dev_total": 2}
 ./ezlopi-core/ezlopi-core-devices/ezlopi_core_devices.c[564]:---------------------------------------------
 ./ezlopi-core/ezlopi-core-devices/ezlopi_core_devices.c[567]:Device-0:
 ./ezlopi-core/ezlopi-core-devices/ezlopi_core_devices.c[136]:Device name: DHT 22", "id_room": "", "id_item": 16, "gpio": 18}, {"dev_type": 1, "dev_name": "Office test", "id_room": "", "id_item": 2, "val_ip": true, "val_op": false, "gpio_in": 21, "gpio_out": 2, "is_ip": false, "ip_inv": true, "pullup_ip": true, "pullup_op": true, "op_inv": false}], "dev_total": 2}
 ./ezlopi-core/ezlopi-core-devices/ezlopi_core_devices.c[137]:Device Id (before): 00000000
 ./ezlopi-core/ezlopi-core-devices/ezlopi_core_devices.c[163]:Device Id (after): 10a64000
 ./ezlopi-sensors-devices/sensor-0016-oneWire-DHT22/sensor_0016_oneWire_DHT22.c[169]:Parent_dht22_temp_device-[0x10a64000] 
 ./ezlopi-core/ezlopi-core-devices/ezlopi_core_devices.c[136]:Device name: DHT 22", "id_room": "", "id_item": 16, "gpio": 18}, {"dev_type": 1, "dev_name": "Office test", "id_room": "", "id_item": 2, "val_ip": true, "val_op": false, "gpio_in": 21, "gpio_out": 2, "is_ip": false, "ip_inv": true, "pullup_ip": true, "pullup_op": true, "op_inv": false}], "dev_total": 2}
 ./ezlopi-core/ezlopi-core-devices/ezlopi_core_devices.c[137]:Device Id (before): 10a64000
 ./ezlopi-core/ezlopi-core-devices/ezlopi_core_devices.c[163]:Device Id (after): 10a64001
 ./ezlopi-sensors-devices/sensor-0016-oneWire-DHT22/sensor_0016_oneWire_DHT22.c[181]:Child_dht22_humi_device-[0x10a64001] 
 ./ezlopi-core/ezlopi-core-devices/ezlopi_core_devices.c[591]:---------------------------------------------
 ./ezlopi-core/ezlopi-core-devices/ezlopi_core_devices.c[567]:Device-1:
 ./ezlopi-core/ezlopi-core-devices/ezlopi_core_devices.c[136]:Device name: Office test", "id_room": "", "id_item": 2, "val_ip": true, "val_op": false, "gpio_in": 21, "gpio_out": 2, "is_ip": false, "ip_inv": true, "pullup_ip": true, "pullup_op": true, "op_inv": false}], "dev_total": 2}
 ./ezlopi-core/ezlopi-core-devices/ezlopi_core_devices.c[137]:Device Id (before): 00000000
 ./ezlopi-core/ezlopi-core-devices/ezlopi_core_devices.c[163]:Device Id (after): 10a64002
 ./ezlopi-core/ezlopi-core-devices/ezlopi_core_devices.c[591]:---------------------------------------------

 ./ezlopi-components/cjext/cjext.c[173]:item: 1073576584
 ./ezlopi-components/cjext/cjext.c[176]:-- next:           0
 ./ezlopi-components/cjext/cjext.c[177]:-- prev:           0
 ./ezlopi-components/cjext/cjext.c[178]:-- child:          1073576644
 ./ezlopi-components/cjext/cjext.c[179]:-- type:           64
 ./ezlopi-components/cjext/cjext.c[180]:-- value-string:   0
 ./ezlopi-components/cjext/cjext.c[181]:-- value-int:      0
 ./ezlopi-components/cjext/cjext.c[182]:-- value-double:   0.000000
 ./ezlopi-components/cjext/cjext.c[183]:-- string:         0
 ./ezlopi-components/cjext/cjext.c[184]:-- is-key-ref:     0
 ./ezlopi-components/cjext/cjext.c[185]:-- is-value-ref:   0
 ./ezlopi-components/cjext/cjext.c[186]:-- str-key-len:    0
 ./ezlopi-components/cjext/cjext.c[187]:-- str-value-len:  0

 ./ezlopi-components/cjext/cjext.c[173]:item: 1073576644
 ./ezlopi-components/cjext/cjext.c[176]:-- next:           1073576704
 ./ezlopi-components/cjext/cjext.c[177]:-- prev:           1073578084
 ./ezlopi-components/cjext/cjext.c[178]:-- child:          0
 ./ezlopi-components/cjext/cjext.c[179]:-- type:           272
 ./ezlopi-components/cjext/cjext.c[180]:-- value-string:   1073580699
 ./ezlopi-components/cjext/cjext.c[181]:-- value-int:      0
 ./ezlopi-components/cjext/cjext.c[182]:-- value-double:   0.000000
 ./ezlopi-components/cjext/cjext.c[183]:-- string:         1073580686
 ./ezlopi-components/cjext/cjext.c[184]:-- is-key-ref:     1
 ./ezlopi-components/cjext/cjext.c[185]:-- is-value-ref:   2
 ./ezlopi-components/cjext/cjext.c[186]:-- str-key-len:    9
 ./ezlopi-components/cjext/cjext.c[187]:-- str-value-len:  6
 ./ezlopi-components/cjext/cjext.c[213]:cjext - ERROR!, string: config_id
Guru Meditation Error: Core  0 panic'ed (StoreProhibited). Exception was unhandled.

Core  0 register dump:
PC      : 0x40099646  PS      : 0x00060b33  A0      : 0x80099f89  A1      : 0x3ffbbb70  
A2      : 0x3ffc920c  A3      : 0xa5a5a5a5  A4      : 0x80097b49  A5      : 0x3ffbc2c0  
A6      : 0x00000003  A7      : 0x00060023  A8      : 0x3ffd8a86  A9      : 0x00000018  
A10     : 0x00000001  A11     : 0x3ffd8a8e  A12     : 0x3ffc9260  A13     : 0x00000004  
A14     : 0x3ffc3c38  A15     : 0x00000000  SAR     : 0x0000001c  EXCCAUSE: 0x0000001d  
EXCVADDR: 0xa5a5a5b1  LBEG    : 0x400014fd  LEND    : 0x4000150d  LCOUNT  : 0xfffffff7  


Backtrace: 0x40099643:0x3ffbbb70 0x40099f86:0x3ffbbb90 0x40082402:0x3ffbbbb0 0x4009a395:0x3ffbbbd0 0x4014edd7:0x3ffbbbf0 0x4014ed97:0x3ffbbc10 0x400dec40:0x3ffbbc30 0x400d9d0b:0x3ffbbc50 0x400d9716:0x3ffbbc70 0x4020e864:0x3ffbbcb0 0x400978aa:0x3ffbbcd0




ELF file SHA256: cd4630168f9f5b85

Rebooting...
ets Jun  8 2016 00:22:57

rst:0xc (SW_CPU_RESET),boot:0x13 (SPI_FAST_FLASH_BOOT)
configsip: 0, SPIWP:0xee
clk_drv:0x00,q_drv:0x00,d_drv:0x00,cs0_drv:0x00,hd_drv:0x00,wp_drv:0x00
mode:DIO, clock div:2
load:0x3fff0030,len:1184
load:0x40078000,len:12928
load:0x40080400,len:3036
entry 0x400805e4
 ./ezlopi-services/ezlopi-service-gpioisr/ezlopi_service_gpioisr..c[34]:Started gpio-isr service
 ./ezlopi-core/ezlopi-core-nvs/ezlopi_core_nvs.c[60]:```nvs_open``` success
 ./ezlopi-core/ezlopi-core-nvs/ezlopi_core_nvs.c[479]:(nvs_get_u32)-ezpi_baud - NVS read success
 ./ezlopi-core/ezlopi-core-nvs/ezlopi_core_nvs.c[479]:(nvs_get_u32)-ezpi_prty - NVS read success
 ./ezlopi-core/ezlopi-core-nvs/ezlopi_core_nvs.c[479]:(nvs_get_u32)-ezpi_strt_bt - NVS read success
 ./ezlopi-core/ezlopi-core-nvs/ezlopi_core_nvs.c[479]:(nvs_get_u32)-ezpi_stp_bt - NVS read success
 ./ezlopi-core/ezlopi-core-nvs/ezlopi_core_nvs.c[479]:(nvs_get_u32)-ezpi_frm_sz - NVS read success
 ./ezlopi-core/ezlopi-core-nvs/ezlopi_core_nvs.c[479]:(nvs_get_u32)-ezpi_fl_ctrl - NVS read success
 ./ezlopi-hal/ezlopi-hal-uart/ezlopi_hal_uart.c[200]:Serial Configuration:
 ./ezlopi-hal/ezlopi-hal-uart/ezlopi_hal_uart.c[201]:  Baud Rate: 115200
 ./ezlopi-hal/ezlopi-hal-uart/ezlopi_hal_uart.c[202]:  Parity: 0
 ./ezlopi-hal/ezlopi-hal-uart/ezlopi_hal_uart.c[203]:  Start Bits: 0
 ./ezlopi-hal/ezlopi-hal-uart/ezlopi_hal_uart.c[204]:  Stop Bits: 1
 ./ezlopi-hal/ezlopi-hal-uart/ezlopi_hal_uart.c[205]:  Frame Size: 8
 ./ezlopi-hal/ezlopi-hal-uart/ezlopi_hal_uart.c[206]:  Flow Control: DISABLED
 ./ezlopi-core/ezlopi-core-factory-info/ezlopi_core_factory_info.c[75]:ezlopi_factory_info_v3_get_provisioning_status
 ./ezlopi-core/ezlopi-core-factory-info/ezlopi_core_factory_info.c[75]:ezlopi_factory_info_v3_get_ezlopi_mac
 ./ezlopi-core/ezlopi-core-factory-info/ezlopi_core_factory_info.c[75]:ezlopi_factory_info_v3_get_name
 ./ezlopi-core/ezlopi-core-factory-info/ezlopi_core_factory_info.c[75]:ezlopi_factory_info_v3_get_manufacturer
 ./ezlopi-core/ezlopi-core-factory-info/ezlopi_core_factory_info.c[75]:ezlopi_factory_info_v3_get_brand
 ./ezlopi-core/ezlopi-core-factory-info/ezlopi_core_factory_info.c[75]:ezlopi_factory_info_v3_get_model
 ./ezlopi-core/ezlopi-core-factory-info/ezlopi_core_factory_info.c[75]:ezlopi_factory_info_v3_get_device_uuid
 ./ezlopi-core/ezlopi-core-factory-info/ezlopi_core_factory_info.c[75]:ezlopi_factory_info_v3_get_provisioning_uuid
 ./ezlopi-core/ezlopi-core-factory-info/ezlopi_core_factory_info.c[75]:ezlopi_factory_info_v3_get_ssid
 ./ezlopi-core/ezlopi-core-factory-info/ezlopi_core_factory_info.c[75]:ezlopi_factory_info_v3_get_password
 ./ezlopi-core/ezlopi-core-factory-info/ezlopi_core_factory_info.c[75]:ezlopi_factory_info_v3_get_cloud_server
 ./ezlopi-core/ezlopi-core-factory-info/ezlopi_core_factory_info.c[75]:ezlopi_factory_info_v3_get_ezlopi_config
 ./ezlopi-core/ezlopi-core-factory-info/ezlopi_core_factory_info.c[158]:----------------- Factory Info -----------------
 ./ezlopi-core/ezlopi-core-factory-info/ezlopi_core_factory_info.c[160]:SERIAL-ID [off: 0x6008, size: 0x0008]:             102002440
 ./ezlopi-core/ezlopi-core-factory-info/ezlopi_core_factory_info.c[161]:MAC [off: 0x6080, size: 0x0040]:                   11:22:33:44:55:66
 ./ezlopi-core/ezlopi-core-factory-info/ezlopi_core_factory_info.c[162]:NAME [off: 0x60C0, size: 0x0040]:                  test-device
 ./ezlopi-core/ezlopi-core-factory-info/ezlopi_core_factory_info.c[163]:MANUFACTURER [off: 0x6100, size: 0x0040]:          Nepal Digital System
 ./ezlopi-core/ezlopi-core-factory-info/ezlopi_core_factory_info.c[164]:BRAND [off: 0x6140, size: 0x0040]:                 Ezlo-Pi
 ./ezlopi-core/ezlopi-core-factory-info/ezlopi_core_factory_info.c[165]:MODEL [off: 0x6180, size: 0x0040]:                 NT-3.0.4.x
 ./ezlopi-core/ezlopi-core-factory-info/ezlopi_core_factory_info.c[166]:DEVICE_UUID [off: 0x0082, size: 0x007E]:           ddc51a50-8392-11ee-8889-0f56091e7639
 ./ezlopi-core/ezlopi-core-factory-info/ezlopi_core_factory_info.c[167]:PROVISIONING_UUID [off: 0x0004, size: 0x007E]:     c2ea484b-6b31-446e-b42e-8ab7b5c36ce4
 ./ezlopi-core/ezlopi-core-factory-info/ezlopi_core_factory_info.c[168]:WIFI-SSID [off: 0x6020, size: 0x0020]:             nepaldigisys
 ./ezlopi-core/ezlopi-core-factory-info/ezlopi_core_factory_info.c[169]:WIFI-PASSWORD [off: 0x6040, size: 0x0040]:         NDS_0ffice
 ./ezlopi-core/ezlopi-core-factory-info/ezlopi_core_factory_info.c[170]:CLOUD_SERVER [off: 0x0400, size: 0x0100]:          https://cloud.ezlo.com:7000
 ./ezlopi-core/ezlopi-core-factory-info/ezlopi_core_factory_info.c[171]:DEVICE_TYPE [off: 0x61C0, size: 0x0040]:           ezlopi_generic
 ./ezlopi-core/ezlopi-core-factory-info/ezlopi_core_factory_info.c[175]:EZLOPI_CONFIG [off: 0x1000, size: 0x1000]:         {"config_id": "__ID__", "coinfig_time": 12345678, "user_id": "krishna", "dev_detail": [{"dev_type": 7, "dev_name": "DHT 22", "id_room": "", "id_item": 16, "gpio": 18}, {"dev_type": 1, "dev_name": "Office test", "id_room": "", "id_item": 2, "val_ip": true, "val_op": false, "gpio_in": 21, "gpio_out": 2, "is_ip": false, "ip_inv": true, "pullup_ip": true, "pullup_op": true, "op_inv": false}], "dev_total": 2}
 ./ezlopi-core/ezlopi-core-factory-info/ezlopi_core_factory_info.c[176]:-------------------------------------------------
 ./ezlopi-core/ezlopi-core-factory-info/ezlopi_core_factory_info.c[75]:ezlopi_factory_info_v3_get_ezlopi_config
 ./ezlopi-core/ezlopi-core-devices/ezlopi_core_devices.c[375]:Initial config:
{"config_id": "__ID__", "coinfig_time": 12345678, "user_id": "krishna", "dev_detail": [{"dev_type": 7, "dev_name": "DHT 22", "id_room": "", "id_item": 16, "gpio": 18}, {"dev_type": 1, "dev_name": "Office test", "id_room": "", "id_item": 2, "val_ip": true, "val_op": false, "gpio_in": 21, "gpio_out": 2, "is_ip": false, "ip_inv": true, "pullup_ip": true, "pullup_op": true, "op_inv": false}], "dev_total": 2}
 ./ezlopi-core/ezlopi-core-devices/ezlopi_core_devices.c[564]:---------------------------------------------
 ./ezlopi-core/ezlopi-core-devices/ezlopi_core_devices.c[567]:Device-0:
 ./ezlopi-core/ezlopi-core-devices/ezlopi_core_devices.c[136]:Device name: DHT 22", "id_room": "", "id_item": 16, "gpio": 18}, {"dev_type": 1, "dev_name": "Office test", "id_room": "", "id_item": 2, "val_ip": true, "val_op": false, "gpio_in": 21, "gpio_out": 2, "is_ip": false, "ip_inv": true, "pullup_ip": true, "pullup_op": true, "op_inv": false}], "dev_total": 2}
 ./ezlopi-core/ezlopi-core-devices/ezlopi_core_devices.c[137]:Device Id (before): 00000000
 ./ezlopi-core/ezlopi-core-devices/ezlopi_core_devices.c[163]:Device Id (after): 10a64000
 ./ezlopi-sensors-devices/sensor-0016-oneWire-DHT22/sensor_0016_oneWire_DHT22.c[169]:Parent_dht22_temp_device-[0x10a64000] 
 ./ezlopi-core/ezlopi-core-devices/ezlopi_core_devices.c[136]:Device name: DHT 22", "id_room": "", "id_item": 16, "gpio": 18}, {"dev_type": 1, "dev_name": "Office test", "id_room": "", "id_item": 2, "val_ip": true, "val_op": false, "gpio_in": 21, "gpio_out": 2, "is_ip": false, "ip_inv": true, "pullup_ip": true, "pullup_op": true, "op_inv": false}], "dev_total": 2}
 ./ezlopi-core/ezlopi-core-devices/ezlopi_core_devices.c[137]:Device Id (before): 10a64000
 ./ezlopi-core/ezlopi-core-devices/ezlopi_core_devices.c[163]:Device Id (after): 10a64001
 ./ezlopi-sensors-devices/sensor-0016-oneWire-DHT22/sensor_0016_oneWire_DHT22.c[181]:Child_dht22_humi_device-[0x10a64001] 
 ./ezlopi-core/ezlopi-core-devices/ezlopi_core_devices.c[591]:---------------------------------------------
 ./ezlopi-core/ezlopi-core-devices/ezlopi_core_devices.c[567]:Device-1:
 ./ezlopi-core/ezlopi-core-devices/ezlopi_core_devices.c[136]:Device name: Office test", "id_room": "", "id_item": 2, "val_ip": true, "val_op": false, "gpio_in": 21, "gpio_out": 2, "is_ip": false, "ip_inv": true, "pullup_ip": true, "pullup_op": true, "op_inv": false}], "dev_total": 2}
 ./ezlopi-core/ezlopi-core-devices/ezlopi_core_devices.c[137]:Device Id (before): 00000000
 ./ezlopi-core/ezlopi-core-devices/ezlopi_core_devices.c[163]:Device Id (after): 10a64002
 ./ezlopi-core/ezlopi-core-devices/ezlopi_core_devices.c[591]:---------------------------------------------

 ./ezlopi-components/cjext/cjext.c[173]:item: 1073576584
 ./ezlopi-components/cjext/cjext.c[176]:-- next:           0
 ./ezlopi-components/cjext/cjext.c[177]:-- prev:           0
 ./ezlopi-components/cjext/cjext.c[178]:-- child:          1073576644
 ./ezlopi-components/cjext/cjext.c[179]:-- type:           64
 ./ezlopi-components/cjext/cjext.c[180]:-- value-string:   0
 ./ezlopi-components/cjext/cjext.c[181]:-- value-int:      0
 ./ezlopi-components/cjext/cjext.c[182]:-- value-double:   0.000000
 ./ezlopi-components/cjext/cjext.c[183]:-- string:         0
 ./ezlopi-components/cjext/cjext.c[184]:-- is-key-ref:     0
 ./ezlopi-components/cjext/cjext.c[185]:-- is-value-ref:   0
 ./ezlopi-components/cjext/cjext.c[186]:-- str-key-len:    0
 ./ezlopi-components/cjext/cjext.c[187]:-- str-value-len:  0

 ./ezlopi-components/cjext/cjext.c[173]:item: 1073576644
 ./ezlopi-components/cjext/cjext.c[176]:-- next:           1073576704
 ./ezlopi-components/cjext/cjext.c[177]:-- prev:           1073578084
 ./ezlopi-components/cjext/cjext.c[178]:-- child:          0
 ./ezlopi-components/cjext/cjext.c[179]:-- type:           272
 ./ezlopi-components/cjext/cjext.c[180]:-- value-string:   1073580699
 ./ezlopi-components/cjext/cjext.c[181]:-- value-int:      0
 ./ezlopi-components/cjext/cjext.c[182]:-- value-double:   0.000000
 ./ezlopi-components/cjext/cjext.c[183]:-- string:         1073580686
 ./ezlopi-components/cjext/cjext.c[184]:-- is-key-ref:     1
 ./ezlopi-components/cjext/cjext.c[185]:-- is-value-ref:   2
 ./ezlopi-components/cjext/cjext.c[186]:-- str-key-len:    9
 ./ezlopi-components/cjext/cjext.c[187]:-- str-value-len:  6
 ./ezlopi-components/cjext/cjext.c[213]:cjext - ERROR!, string: config_id
Guru Meditation Error: Core  0 panic'ed (StoreProhibited). Exception was unhandled.

Core  0 register dump:
PC      : 0x40099646  PS      : 0x00060b33  A0      : 0x80099f89  A1      : 0x3ffbbb70  
A2      : 0x3ffc920c  A3      : 0xa5a5a5a5  A4      : 0x80097b49  A5      : 0x3ffbc2c0  
A6      : 0x00000003  A7      : 0x00060023  A8      : 0x3ffd8a86  A9      : 0x00000018  
A10     : 0x00000001  A11     : 0x3ffd8a8e  A12     : 0x3ffc9260  A13     : 0x00000004  
A14     : 0x3ffc3c38  A15     : 0x00000000  SAR     : 0x0000001c  EXCCAUSE: 0x0000001d  
EXCVADDR: 0xa5a5a5b1  LBEG    : 0x400014fd  LEND    : 0x4000150d  LCOUNT  : 0xfffffff7  


Backtrace: 0x40099643:0x3ffbbb70 0x40099f86:0x3ffbbb90 0x40082402:0x3ffbbbb0 0x4009a395:0x3ffbbbd0 0x4014edd7:0x3ffbbbf0 0x4014ed97:0x3ffbbc10 0x400dec40:0x3ffbbc30 0x400d9d0b:0x3ffbbc50 0x400d9716:0x3ffbbc70 0x4020e864:0x3ffbbcb0 0x400978aa:0x3ffbbcd0




ELF file SHA256: cd4630168f9f5b85

Rebooting...
ets Jun  8 2016 00:22:57

rst:0xc (SW_CPU_RESET),boot:0x13 (SPI_FAST_FLASH_BOOT)
configsip: 0, SPIWP:0xee
clk_drv:0x00,q_drv:0x00,d_drv:0x00,cs0_drv:0x00,hd_drv:0x00,wp_drv:0x00
mode:DIO, clock div:2
load:0x3fff0030,len:1184
load:0x40078000,len:12928
load:0x40080400,len:3036
entry 0x400805e4
